<?xml version="1.0" encoding="UTF-8"?>
<!-- Generated by org.testng.reporters.JUnitXMLReporter -->
<testsuite hostname="SJM1W10BLR" ignored="0" name="Regression1" tests="10" failures="4" timestamp="15 Jun 2020 15:23:12 GMT" time="11.728" errors="0">
  <testcase name="testContentEncoding" time="0.009" classname="com.employeeapi.testcases.TC01_GET_AllEmployees"/>
  <testcase name="testContentLength" time="0.004" classname="com.employeeapi.testcases.TC01_GET_AllEmployees">
    <failure type="java.lang.AssertionError" message="expected [Content Length is not as expected - &amp;lt; 100] but found [false]">
      <![CDATA[java.lang.AssertionError: expected [Content Length is not as expected - < 100] but found [false]
	at com.employeeapi.testcases.TC01_GET_AllEmployees.testContentLength(TC01_GET_AllEmployees.java:103)
... Removed 30 stack frames]]>
    </failure>
  </testcase> <!-- testContentLength -->
  <testcase name="testContentType" time="0.002" classname="com.employeeapi.testcases.TC01_GET_AllEmployees">
    <failure type="java.lang.AssertionError" message="Content Type is not as expected - text/html; charset=UTF-8 expected [text/html; charset=UTF-8] but found [application/json;charset=utf-8]">
      <![CDATA[java.lang.AssertionError: Content Type is not as expected - text/html; charset=UTF-8 expected [text/html; charset=UTF-8] but found [application/json;charset=utf-8]
	at com.employeeapi.testcases.TC01_GET_AllEmployees.testContentType(TC01_GET_AllEmployees.java:74)
... Removed 30 stack frames]]>
    </failure>
  </testcase> <!-- testContentType -->
  <testcase name="testCoockies" time="0.007" classname="com.employeeapi.testcases.TC01_GET_AllEmployees"/>
  <testcase name="testResponseBody" time="0.044" classname="com.employeeapi.testcases.TC01_GET_AllEmployees"/>
  <testcase name="testResponseTime" time="0.003" classname="com.employeeapi.testcases.TC01_GET_AllEmployees">
    <failure type="java.lang.AssertionError" message="expected [Response Time is not as expected &amp;gt;2000] but found [true]">
      <![CDATA[java.lang.AssertionError: expected [Response Time is not as expected >2000] but found [true]
	at com.employeeapi.testcases.TC01_GET_AllEmployees.testResponseTime(TC01_GET_AllEmployees.java:57)
... Removed 30 stack frames]]>
    </failure>
  </testcase> <!-- testResponseTime -->
  <testcase name="testServerType" time="0.005" classname="com.employeeapi.testcases.TC01_GET_AllEmployees">
    <failure type="java.lang.AssertionError" message="Server Type is not as expected - nginx/1.14.1 expected [nginx/1.14.1] but found [nginx/1.16.0]">
      <![CDATA[java.lang.AssertionError: Server Type is not as expected - nginx/1.14.1 expected [nginx/1.14.1] but found [nginx/1.16.0]
	at com.employeeapi.testcases.TC01_GET_AllEmployees.testServerType(TC01_GET_AllEmployees.java:82)
... Removed 30 stack frames]]>
    </failure>
  </testcase> <!-- testServerType -->
  <testcase name="testStatusCode" time="0.003" classname="com.employeeapi.testcases.TC01_GET_AllEmployees"/>
  <testcase name="testStatusLine" time="0.002" classname="com.employeeapi.testcases.TC01_GET_AllEmployees"/>
  <testcase name="testResponseBody" time="0.002" classname="com.employeeapi.testcases.TC02_GET_SingleEmployeeRecord"/>
</testsuite> <!-- Regression1 -->
