<?xml version="1.0" encoding="UTF-8"?>
<testsuite xmlns:xsi="http://www.w3.org/2001/XMLSchema-instance" xsi:noNamespaceSchemaLocation="https://maven.apache.org/surefire/maven-surefire-plugin/xsd/surefire-test-report-3.0.xsd" version="3.0" name="TestSuite" time="13.44" tests="10" errors="0" skipped="0" failures="4">
  <properties>
[...]
</properties>
  <testcase name="testContentEncoding" classname="com.employeeapi.testcases.TC01_GET_AllEmployees" time="0.021"/>
  <testcase name="testContentLength" classname="com.employeeapi.testcases.TC01_GET_AllEmployees" time="0.041">
    <failure message="expected [Content Length is not as expected - &lt; 100] but found [false]" type="java.lang.AssertionError"><![CDATA[java.lang.AssertionError: expected [Content Length is not as expected - < 100] but found [false]
	at com.employeeapi.testcases.TC01_GET_AllEmployees.testContentLength(TC01_GET_AllEmployees.java:103)
]]></failure>
    <system-out><![CDATA[#d{yyyy-MM-dd HH:mm:ss} INFO  EmployeeRestAPI:96 - ****Content Length***************
#d{yyyy-MM-dd HH:mm:ss} INFO  EmployeeRestAPI:98 - Content Length is : 595
]]></system-out>
  </testcase>
  <testcase name="testContentType" classname="com.employeeapi.testcases.TC01_GET_AllEmployees" time="0.009">
    <failure message="Content Type is not as expected - text/html; charset=UTF-8 expected [text/html; charset=UTF-8] but found [application/json;charset=utf-8]" type="java.lang.AssertionError"><![CDATA[java.lang.AssertionError: Content Type is not as expected - text/html; charset=UTF-8 expected [text/html; charset=UTF-8] but found [application/json;charset=utf-8]
	at com.employeeapi.testcases.TC01_GET_AllEmployees.testContentType(TC01_GET_AllEmployees.java:74)
]]></failure>
    <system-out><![CDATA[#d{yyyy-MM-dd HH:mm:ss} INFO  EmployeeRestAPI:73 - Content Type is : application/json;charset=utf-8
]]></system-out>
  </testcase>
  <testcase name="testCoockies" classname="com.employeeapi.testcases.TC01_GET_AllEmployees" time="0.015"/>
  <testcase name="testResponseBody" classname="com.employeeapi.testcases.TC01_GET_AllEmployees" time="0.397"/>
  <testcase name="testResponseTime" classname="com.employeeapi.testcases.TC01_GET_AllEmployees" time="0.009">
    <failure message="expected [Response Time is not as expected &gt;2000] but found [true]" type="java.lang.AssertionError"><![CDATA[java.lang.AssertionError: expected [Response Time is not as expected >2000] but found [true]
	at com.employeeapi.testcases.TC01_GET_AllEmployees.testResponseTime(TC01_GET_AllEmployees.java:57)
]]></failure>
    <system-out><![CDATA[#d{yyyy-MM-dd HH:mm:ss} INFO  EmployeeRestAPI:52 - Response Time is : 1398
]]></system-out>
  </testcase>
  <testcase name="testServerType" classname="com.employeeapi.testcases.TC01_GET_AllEmployees" time="0.006">
    <failure message="Server Type is not as expected - nginx/1.14.1 expected [nginx/1.14.1] but found [nginx/1.16.0]" type="java.lang.AssertionError"><![CDATA[java.lang.AssertionError: Server Type is not as expected - nginx/1.14.1 expected [nginx/1.14.1] but found [nginx/1.16.0]
	at com.employeeapi.testcases.TC01_GET_AllEmployees.testServerType(TC01_GET_AllEmployees.java:82)
]]></failure>
    <system-out><![CDATA[#d{yyyy-MM-dd HH:mm:ss} INFO  EmployeeRestAPI:81 - Server Type is : nginx/1.16.0
]]></system-out>
  </testcase>
  <testcase name="testStatusCode" classname="com.employeeapi.testcases.TC01_GET_AllEmployees" time="0.01"/>
  <testcase name="testStatusLine" classname="com.employeeapi.testcases.TC01_GET_AllEmployees" time="0.006"/>
  <testcase name="testResponseBody" classname="com.employeeapi.testcases.TC02_GET_SingleEmployeeRecord" time="0.003"/>
</testsuite>