<?xml version="1.0" encoding="UTF-8"?>
<!-- Generated by org.testng.reporters.JUnitXMLReporter -->
<testsuite ignored="0" hostname="SJM1W10BLR" failures="4" tests="10" name="Regression1" time="10.9" errors="0" timestamp="15 Jun 2020 14:47:37 GMT">
  <testcase classname="com.employeeapi.testcases.TC01_GET_AllEmployees" name="testContentEncoding" time="0.012"/>
  <testcase classname="com.employeeapi.testcases.TC01_GET_AllEmployees" name="testContentLength" time="0.01">
    <failure type="java.lang.AssertionError" message="expected [Content Length is not as expected - &amp;lt; 100] but found [false]">
      <![CDATA[java.lang.AssertionError: expected [Content Length is not as expected - < 100] but found [false]
	at com.employeeapi.testcases.TC01_GET_AllEmployees.testContentLength(TC01_GET_AllEmployees.java:103)
... Removed 34 stack frames]]>
    </failure>
  </testcase> <!-- testContentLength -->
  <testcase classname="com.employeeapi.testcases.TC01_GET_AllEmployees" name="testContentType" time="0.003">
    <failure type="java.lang.AssertionError" message="Content Type is not as expected - text/html; charset=UTF-8 expected [text/html; charset=UTF-8] but found [application/json;charset=utf-8]">
      <![CDATA[java.lang.AssertionError: Content Type is not as expected - text/html; charset=UTF-8 expected [text/html; charset=UTF-8] but found [application/json;charset=utf-8]
	at com.employeeapi.testcases.TC01_GET_AllEmployees.testContentType(TC01_GET_AllEmployees.java:74)
... Removed 34 stack frames]]>
    </failure>
  </testcase> <!-- testContentType -->
  <testcase classname="com.employeeapi.testcases.TC01_GET_AllEmployees" name="testCoockies" time="0.008"/>
  <testcase classname="com.employeeapi.testcases.TC01_GET_AllEmployees" name="testResponseBody" time="0.06"/>
  <testcase classname="com.employeeapi.testcases.TC01_GET_AllEmployees" name="testResponseTime" time="0.002">
    <failure type="java.lang.AssertionError" message="expected [Response Time is not as expected &amp;gt;2000] but found [true]">
      <![CDATA[java.lang.AssertionError: expected [Response Time is not as expected >2000] but found [true]
	at com.employeeapi.testcases.TC01_GET_AllEmployees.testResponseTime(TC01_GET_AllEmployees.java:57)
... Removed 34 stack frames]]>
    </failure>
  </testcase> <!-- testResponseTime -->
  <testcase classname="com.employeeapi.testcases.TC01_GET_AllEmployees" name="testServerType" time="0.007">
    <failure type="java.lang.AssertionError" message="Server Type is not as expected - nginx/1.14.1 expected [nginx/1.14.1] but found [nginx/1.16.0]">
      <![CDATA[java.lang.AssertionError: Server Type is not as expected - nginx/1.14.1 expected [nginx/1.14.1] but found [nginx/1.16.0]
	at com.employeeapi.testcases.TC01_GET_AllEmployees.testServerType(TC01_GET_AllEmployees.java:82)
... Removed 34 stack frames]]>
    </failure>
  </testcase> <!-- testServerType -->
  <testcase classname="com.employeeapi.testcases.TC01_GET_AllEmployees" name="testStatusCode" time="0.003"/>
  <testcase classname="com.employeeapi.testcases.TC01_GET_AllEmployees" name="testStatusLine" time="0.001"/>
  <testcase classname="com.employeeapi.testcases.TC02_GET_SingleEmployeeRecord" name="testResponseBody" time="0.003"/>
</testsuite> <!-- Regression1 -->
